kasast_flutter/build/app/intermediates/manifest_merge_blame_file/debug/manifest-merger-blame-debug-report.txt
1<?xml version="1.0" encoding="utf-8"?>
2<manifest xmlns:android="http://schemas.android.com/apk/res/android"
3    package="com.example.kasast"
4    android:versionCode="1"
5    android:versionName="1.0.0" >
6
7    <uses-sdk
8        android:minSdkVersion="20"
9        android:targetSdkVersion="29" />
10    <!--
11         Flutter needs it to communicate with the running application
12         to allow setting breakpoints, to provide hot reload, etc.
13    -->
14    <uses-permission android:name="android.permission.INTERNET" />
14-->src\main\AndroidManifest.xml:3:5-67
14-->src\main\AndroidManifest.xml:3:22-64
15    <uses-permission android:name="android.permission.ACCESS_FINE_LOCATION" />
15-->src\main\AndroidManifest.xml:4:5-78
15-->src\main\AndroidManifest.xml:4:22-76
16
17    <uses-feature
17-->src\main\AndroidManifest.xml:6:5-95
18        android:name="android.hardware.location.network"
18-->src\main\AndroidManifest.xml:6:19-67
19        android:required="false" />
19-->src\main\AndroidManifest.xml:6:68-92
20    <uses-feature
20-->src\main\AndroidManifest.xml:7:5-92
21        android:name="android.hardware.location.gps"
21-->src\main\AndroidManifest.xml:7:19-63
22        android:required="false" />
22-->src\main\AndroidManifest.xml:7:64-88
23
24    <uses-permission android:name="android.permission.READ_EXTERNAL_STORAGE" />
24-->[:image_picker] AndroidManifest.xml:7:5-80
24-->[:image_picker] AndroidManifest.xml:7:22-77
25    <uses-permission android:name="android.permission.WRITE_EXTERNAL_STORAGE" /> <!-- Include required permissions for Google Maps API to run. -->
25-->[:image_picker] AndroidManifest.xml:8:5-81
25-->[:image_picker] AndroidManifest.xml:8:22-78
26    <uses-permission android:name="android.permission.ACCESS_NETWORK_STATE" />
26-->[com.google.android.gms:play-services-maps:17.0.0] AndroidManifest.xml:23:5-79
26-->[com.google.android.gms:play-services-maps:17.0.0] AndroidManifest.xml:23:22-76
27
28    <uses-feature
28-->[com.google.android.gms:play-services-maps:17.0.0] AndroidManifest.xml:26:5-28:35
29        android:glEsVersion="0x00020000"
29-->[com.google.android.gms:play-services-maps:17.0.0] AndroidManifest.xml:27:9-41
30        android:required="true" />
30-->[com.google.android.gms:play-services-maps:17.0.0] AndroidManifest.xml:28:9-32
31
32    <application
32-->src\main\AndroidManifest.xml:9:5-52:19
33        android:name="io.flutter.app.FlutterApplication"
33-->src\main\AndroidManifest.xml:10:9-57
34        android:appComponentFactory="androidx.core.app.CoreComponentFactory"
34-->[androidx.core:core:1.2.0] AndroidManifest.xml:24:18-86
35        android:debuggable="true"
36        android:icon="@mipmap/ic_launcher"
36-->src\main\AndroidManifest.xml:13:9-43
37        android:label="kasast"
37-->src\main\AndroidManifest.xml:11:9-31
38        android:usesCleartextTraffic="true" >
38-->src\main\AndroidManifest.xml:12:9-44
39        <meta-data
39-->src\main\AndroidManifest.xml:14:9-15:73
40            android:name="com.google.android.geo.API_KEY"
40-->src\main\AndroidManifest.xml:14:20-65
41            android:value="AIzaSyBjuSRHT6EyLEK2KIuuqqfLO_L1v4kIZ3c" />
41-->src\main\AndroidManifest.xml:15:16-71
42
43        <activity
43-->src\main\AndroidManifest.xml:18:9-46:20
44            android:name="com.example.kasast.MainActivity"
44-->src\main\AndroidManifest.xml:19:13-41
45            android:configChanges="orientation|keyboardHidden|keyboard|screenSize|smallestScreenSize|locale|layoutDirection|fontScale|screenLayout|density|uiMode"
45-->src\main\AndroidManifest.xml:22:13-163
46            android:hardwareAccelerated="true"
46-->src\main\AndroidManifest.xml:23:13-47
47            android:launchMode="singleTop"
47-->src\main\AndroidManifest.xml:20:13-43
48            android:theme="@style/LaunchTheme"
48-->src\main\AndroidManifest.xml:21:13-47
49            android:windowSoftInputMode="adjustResize" >
49-->src\main\AndroidManifest.xml:24:13-55
50
51            <!--
52                 Specifies an Android theme to apply to this Activity as soon as
53                 the Android process has started. This theme is visible to the user
54                 while the Flutter UI initializes. After that, this theme continues
55                 to determine the Window background behind the Flutter UI.
56            -->
57            <meta-data
57-->src\main\AndroidManifest.xml:29:13-32:17
58                android:name="io.flutter.embedding.android.NormalTheme"
58-->src\main\AndroidManifest.xml:30:15-70
59                android:resource="@style/NormalTheme" />
59-->src\main\AndroidManifest.xml:31:15-52
60            <!--
61                 Displays an Android View that continues showing the launch screen
62                 Drawable until Flutter paints its first frame, then this splash
63                 screen fades out. A splash screen is useful to avoid any visual
64                 gap between the end of Android's launch screen and the painting of
65                 Flutter's first frame.
66            -->
67            <meta-data
67-->src\main\AndroidManifest.xml:38:13-41:17
68                android:name="io.flutter.embedding.android.SplashScreenDrawable"
68-->src\main\AndroidManifest.xml:39:15-79
69                android:resource="@drawable/launch_background" />
69-->src\main\AndroidManifest.xml:40:15-61
70
71            <intent-filter>
71-->src\main\AndroidManifest.xml:42:13-45:29
72                <action android:name="android.intent.action.MAIN" />
72-->src\main\AndroidManifest.xml:43:17-68
72-->src\main\AndroidManifest.xml:43:25-66
73
74                <category android:name="android.intent.category.LAUNCHER" />
74-->src\main\AndroidManifest.xml:44:17-76
74-->src\main\AndroidManifest.xml:44:27-74
75            </intent-filter>
76        </activity>
77        <!--
78             Don't delete the meta-data below.
79             This is used by the Flutter tool to generate GeneratedPluginRegistrant.java
80        -->
81        <meta-data
81-->src\main\AndroidManifest.xml:49:9-51:33
82            android:name="flutterEmbedding"
82-->src\main\AndroidManifest.xml:50:13-44
83            android:value="2" />
83-->src\main\AndroidManifest.xml:51:13-30
84
85        <provider
85-->[:image_picker] AndroidManifest.xml:11:9-19:20
86            android:name="io.flutter.plugins.imagepicker.ImagePickerFileProvider"
86-->[:image_picker] AndroidManifest.xml:12:13-82
87            android:authorities="com.example.kasast.flutter.image_provider"
87-->[:image_picker] AndroidManifest.xml:13:13-74
88            android:exported="false"
88-->[:image_picker] AndroidManifest.xml:14:13-37
89            android:grantUriPermissions="true" >
89-->[:image_picker] AndroidManifest.xml:15:13-47
90            <meta-data
90-->[:image_picker] AndroidManifest.xml:16:13-18:75
91                android:name="android.support.FILE_PROVIDER_PATHS"
91-->[:image_picker] AndroidManifest.xml:17:17-67
92                android:resource="@xml/flutter_image_picker_file_paths" />
92-->[:image_picker] AndroidManifest.xml:18:17-72
93        </provider> <!-- Needs to be explicitly declared on P+ -->
94        <uses-library
94-->[com.google.android.gms:play-services-maps:17.0.0] AndroidManifest.xml:33:9-35:40
95            android:name="org.apache.http.legacy"
95-->[com.google.android.gms:play-services-maps:17.0.0] AndroidManifest.xml:34:13-50
96            android:required="false" />
96-->[com.google.android.gms:play-services-maps:17.0.0] AndroidManifest.xml:35:13-37
97
98        <activity
98-->[com.google.android.gms:play-services-base:17.5.0] AndroidManifest.xml:23:9-26:75
99            android:name="com.google.android.gms.common.api.GoogleApiActivity"
99-->[com.google.android.gms:play-services-base:17.5.0] AndroidManifest.xml:24:13-79
100            android:exported="false"
100-->[com.google.android.gms:play-services-base:17.5.0] AndroidManifest.xml:25:13-37
101            android:theme="@android:style/Theme.Translucent.NoTitleBar" />
101-->[com.google.android.gms:play-services-base:17.5.0] AndroidManifest.xml:26:13-72
102
103        <meta-data
103-->[com.google.android.gms:play-services-basement:17.5.0] AndroidManifest.xml:23:9-25:69
104            android:name="com.google.android.gms.version"
104-->[com.google.android.gms:play-services-basement:17.5.0] AndroidManifest.xml:24:13-58
105            android:value="@integer/google_play_services_version" />
105-->[com.google.android.gms:play-services-basement:17.5.0] AndroidManifest.xml:25:13-66
106    </application>
107
108</manifest>